<?xml version="1.0" encoding="utf-8"?><testsuites name="pytest tests"><testsuite name="pytest" errors="0" failures="0" skipped="0" tests="11" time="3.354" timestamp="2026-05-30T11:40:59.371333+00:00" hostname="agent-env-dd247bb8-6a8b-4e3d-9ad0-1064053f4091"><testcase classname="backend.tests.test_github_analyzer" name="test_health" time="0.255" /><testcase classname="backend.tests.test_github_analyzer" name="test_analyze_octocat_fresh" time="0.444" /><testcase classname="backend.tests.test_github_analyzer" name="test_analyze_octocat_cached" time="0.105" /><testcase classname="backend.tests.test_github_analyzer" name="test_force_refresh" time="1.412" /><testcase classname="backend.tests.test_github_analyzer" name="test_analyze_nonexistent_user" time="0.190" /><testcase classname="backend.tests.test_github_analyzer" name="test_get_stored_profile" time="0.112" /><testcase classname="backend.tests.test_github_analyzer" name="test_get_profile_404" time="0.108" /><testcase classname="backend.tests.test_github_analyzer" name="test_history_returns_octocat" time="0.119" /><testcase classname="backend.tests.test_github_analyzer" name="test_history_ordered_desc" time="0.241" /><testcase classname="backend.tests.test_github_analyzer" name="test_delete_profile" time="0.154" /><testcase classname="backend.tests.test_github_analyzer" name="test_delete_nonexistent" time="0.055" /></testsuite></testsuites>